[2025-06-12 10:17:16] Error en configuración general: Error al subir logo: Tipo de archivo no permitido
[2025-06-12 10:17:45] Error en configuración general: Error al subir logo: Tipo de archivo no permitido
[2025-06-12 10:18:06] Error en configuración general: Error al subir favicon: Tipo de archivo no permitido
[2025-06-12 10:31:40] Error en banners: Error al subir imagen: Tipo de archivo no permitido
[2025-06-12 10:46:21] Error en categorías: Error al subir imagen: Tipo de archivo no permitido
[2025-06-12 10:46:30] Error en categorías: Error al subir imagen: Tipo de archivo no permitido
[2025-06-12 11:23:43] Error en categorías: Error al subir imagen: Tipo de archivo no permitido
[2025-06-12 23:25:46] Error en productos: Ya existe esa versión para este producto
[2025-06-12 23:29:57] Error en productos: Ya existe esa versión para este producto
[2025-06-12 23:30:57] Error en productos: Ya existe esa versión para este producto
[2025-06-13 08:20:32] Error en página dinámica: SQLSTATE[42S22]: Column not found: 1054 Unknown column 'view_count' in 'field list'
[2025-06-13 08:20:39] Error en página dinámica: SQLSTATE[42S22]: Column not found: 1054 Unknown column 'view_count' in 'field list'
[2025-06-13 08:23:14] Error en página dinámica: SQLSTATE[42S22]: Column not found: 1054 Unknown column 'view_count' in 'field list'
[2025-06-13 08:23:25] Error en página dinámica: SQLSTATE[42S22]: Column not found: 1054 Unknown column 'view_count' in 'field list'
[2025-06-13 08:33:41] Error en página dinámica: SQLSTATE[42S22]: Column not found: 1054 Unknown column 'view_count' in 'field list'
[2025-06-13 08:33:42] Error en página dinámica: SQLSTATE[42S22]: Column not found: 1054 Unknown column 'view_count' in 'field list'
[2025-06-13 08:36:43] Error en página dinámica: SQLSTATE[42S22]: Column not found: 1054 Unknown column 'view_count' in 'field list'
[2025-06-13 08:36:53] Error en página dinámica: SQLSTATE[42S22]: Column not found: 1054 Unknown column 'view_count' in 'field list'
[2025-06-13 08:36:56] Error en página dinámica: SQLSTATE[42S22]: Column not found: 1054 Unknown column 'view_count' in 'field list'
[2025-06-13 08:38:17] Error en página dinámica: SQLSTATE[42S22]: Column not found: 1054 Unknown column 'view_count' in 'field list'
[2025-06-13 08:38:19] Error en página dinámica: SQLSTATE[42S22]: Column not found: 1054 Unknown column 'view_count' in 'field list'
[2025-06-13 23:19:55] Error en configuración de pagos: Para habilitar Stripe necesitas las claves API
[2025-06-13 23:20:12] Error en configuración de pagos: Para habilitar Stripe necesitas las claves API
[2025-06-13 23:20:18] Error en configuración de pagos: Para habilitar Stripe necesitas las claves API
[2025-06-13 23:37:30] Error en configuración de pagos: Para habilitar Stripe necesitas las claves API
[2025-06-13 23:37:41] Error en configuración de pagos: Para habilitar Stripe necesitas las claves API
[2025-06-13 23:39:13] Error en configuración de pagos: Para habilitar Stripe necesitas las claves API
[2025-06-13 23:39:32] Error en configuración de pagos: Para habilitar PayPal necesitas Client ID y Secret
[2025-06-13 23:39:55] Error en configuración de pagos: Para habilitar PayPal necesitas Client ID y Secret
[2025-06-14 02:47:55] Error en menús: No se puede eliminar un elemento que tiene subelementos. Elimina primero los subelementos.
[2025-06-14 02:48:00] Error en menús: No se puede eliminar un elemento que tiene subelementos. Elimina primero los subelementos.
[2025-06-14 18:59:06] Error en categorías: No se puede eliminar una categoría que tiene productos
[2025-06-17 01:49:25] Error en configuración de pagos: Para habilitar Stripe necesitas las claves API
[2025-06-17 01:54:39] Error en Cart::addItem: Producto no encontrado
[2025-06-17 01:55:04] Error en Cart::addItem: Producto no encontrado
[2025-06-17 01:55:14] Error en Cart::addItem: Producto no encontrado
[2025-06-17 01:56:58] Debug: Productos encontrados en BD: 4
[2025-06-17 01:56:58] Debug: Producto ID: 1, Nombre: eccomerce, Precio: 50.00, Gratis: 0
[2025-06-17 01:56:58] Debug: Producto ID: 2, Nombre: Sistema de Ventas Pro, Precio: 49.99, Gratis: 0
[2025-06-17 01:56:58] Debug: Producto ID: 3, Nombre: CRM Empresarial, Precio: 79.99, Gratis: 0
[2025-06-17 01:56:58] Debug: Producto ID: 4, Nombre: Componente Login PHP, Precio: 0.00, Gratis: 1
[2025-06-17 01:56:58] Debug: Intentando agregar producto ID: 0, POST data: Array
(
    [action] => add_test_products
)

[2025-06-17 01:56:58] Debug: Product ID inválido. POST: Array
(
    [action] => add_test_products
)

[2025-06-17 01:57:02] Debug: Productos encontrados en BD: 4
[2025-06-17 01:57:02] Debug: Producto ID: 1, Nombre: eccomerce, Precio: 50.00, Gratis: 0
[2025-06-17 01:57:02] Debug: Producto ID: 2, Nombre: Sistema de Ventas Pro, Precio: 49.99, Gratis: 0
[2025-06-17 01:57:02] Debug: Producto ID: 3, Nombre: CRM Empresarial, Precio: 79.99, Gratis: 0
[2025-06-17 01:57:02] Debug: Producto ID: 4, Nombre: Componente Login PHP, Precio: 0.00, Gratis: 1
[2025-06-17 01:57:02] Debug: Intentando agregar producto ID: 3, POST data: Array
(
    [action] => add_single_product
    [product_id] => 3
)

[2025-06-17 01:57:02] Debug: Resultado de Cart::addItem: Array
(
    [success] => 1
    [message] => Producto agregado al carrito
    [cart_count] => 3
    [cart_total] => 179.98
)

[2025-06-17 01:57:10] Debug: Productos encontrados en BD: 4
[2025-06-17 01:57:10] Debug: Producto ID: 1, Nombre: eccomerce, Precio: 50.00, Gratis: 0
[2025-06-17 01:57:10] Debug: Producto ID: 2, Nombre: Sistema de Ventas Pro, Precio: 49.99, Gratis: 0
[2025-06-17 01:57:10] Debug: Producto ID: 3, Nombre: CRM Empresarial, Precio: 79.99, Gratis: 0
[2025-06-17 01:57:10] Debug: Producto ID: 4, Nombre: Componente Login PHP, Precio: 0.00, Gratis: 1
[2025-06-17 01:57:10] Debug: Intentando agregar producto ID: 3, POST data: Array
(
    [action] => add_single_product
    [product_id] => 3
)

[2025-06-17 01:57:10] Debug: Resultado de Cart::addItem: Array
(
    [success] => 1
    [message] => Producto agregado al carrito
    [cart_count] => 3
    [cart_total] => 179.98
)

[2025-06-17 01:57:12] Debug: Productos encontrados en BD: 4
[2025-06-17 01:57:12] Debug: Producto ID: 1, Nombre: eccomerce, Precio: 50.00, Gratis: 0
[2025-06-17 01:57:12] Debug: Producto ID: 2, Nombre: Sistema de Ventas Pro, Precio: 49.99, Gratis: 0
[2025-06-17 01:57:12] Debug: Producto ID: 3, Nombre: CRM Empresarial, Precio: 79.99, Gratis: 0
[2025-06-17 01:57:12] Debug: Producto ID: 4, Nombre: Componente Login PHP, Precio: 0.00, Gratis: 1
[2025-06-17 01:57:12] Debug: Intentando agregar producto ID: 3, POST data: Array
(
    [action] => add_single_product
    [product_id] => 3
)

[2025-06-17 01:57:12] Debug: Resultado de Cart::addItem: Array
(
    [success] => 1
    [message] => Producto agregado al carrito
    [cart_count] => 3
    [cart_total] => 179.98
)

[2025-06-17 01:57:13] Debug: Productos encontrados en BD: 4
[2025-06-17 01:57:13] Debug: Producto ID: 1, Nombre: eccomerce, Precio: 50.00, Gratis: 0
[2025-06-17 01:57:13] Debug: Producto ID: 2, Nombre: Sistema de Ventas Pro, Precio: 49.99, Gratis: 0
[2025-06-17 01:57:13] Debug: Producto ID: 3, Nombre: CRM Empresarial, Precio: 79.99, Gratis: 0
[2025-06-17 01:57:13] Debug: Producto ID: 4, Nombre: Componente Login PHP, Precio: 0.00, Gratis: 1
[2025-06-17 01:57:13] Debug: Intentando agregar producto ID: 0, POST data: Array
(
    [action] => add_test_products
)

[2025-06-17 01:57:13] Debug: Product ID inválido. POST: Array
(
    [action] => add_test_products
)

[2025-06-17 01:57:15] Debug: Productos encontrados en BD: 4
[2025-06-17 01:57:15] Debug: Producto ID: 1, Nombre: eccomerce, Precio: 50.00, Gratis: 0
[2025-06-17 01:57:15] Debug: Producto ID: 2, Nombre: Sistema de Ventas Pro, Precio: 49.99, Gratis: 0
[2025-06-17 01:57:15] Debug: Producto ID: 3, Nombre: CRM Empresarial, Precio: 79.99, Gratis: 0
[2025-06-17 01:57:15] Debug: Producto ID: 4, Nombre: Componente Login PHP, Precio: 0.00, Gratis: 1
[2025-06-17 01:57:15] Debug: Intentando agregar producto ID: 0, POST data: Array
(
    [action] => add_test_products
)

[2025-06-17 01:57:15] Debug: Product ID inválido. POST: Array
(
    [action] => add_test_products
)

[2025-06-17 01:57:16] Debug: Productos encontrados en BD: 4
[2025-06-17 01:57:16] Debug: Producto ID: 1, Nombre: eccomerce, Precio: 50.00, Gratis: 0
[2025-06-17 01:57:16] Debug: Producto ID: 2, Nombre: Sistema de Ventas Pro, Precio: 49.99, Gratis: 0
[2025-06-17 01:57:16] Debug: Producto ID: 3, Nombre: CRM Empresarial, Precio: 79.99, Gratis: 0
[2025-06-17 01:57:16] Debug: Producto ID: 4, Nombre: Componente Login PHP, Precio: 0.00, Gratis: 1
[2025-06-17 01:57:16] Debug: Intentando agregar producto ID: 2, POST data: Array
(
    [action] => add_single_product
    [product_id] => 2
)

[2025-06-17 01:57:16] Debug: Resultado de Cart::addItem: Array
(
    [success] => 1
    [message] => Producto agregado al carrito
    [cart_count] => 3
    [cart_total] => 149.98
)

[2025-06-17 01:57:17] Debug: Productos encontrados en BD: 4
[2025-06-17 01:57:17] Debug: Producto ID: 1, Nombre: eccomerce, Precio: 50.00, Gratis: 0
[2025-06-17 01:57:17] Debug: Producto ID: 2, Nombre: Sistema de Ventas Pro, Precio: 49.99, Gratis: 0
[2025-06-17 01:57:17] Debug: Producto ID: 3, Nombre: CRM Empresarial, Precio: 79.99, Gratis: 0
[2025-06-17 01:57:17] Debug: Producto ID: 4, Nombre: Componente Login PHP, Precio: 0.00, Gratis: 1
[2025-06-17 01:57:17] Debug: Intentando agregar producto ID: 2, POST data: Array
(
    [action] => add_single_product
    [product_id] => 2
)

[2025-06-17 01:57:17] Debug: Resultado de Cart::addItem: Array
(
    [success] => 1
    [message] => Producto agregado al carrito
    [cart_count] => 3
    [cart_total] => 149.98
)

[2025-06-17 01:57:18] Debug: Productos encontrados en BD: 4
[2025-06-17 01:57:18] Debug: Producto ID: 1, Nombre: eccomerce, Precio: 50.00, Gratis: 0
[2025-06-17 01:57:18] Debug: Producto ID: 2, Nombre: Sistema de Ventas Pro, Precio: 49.99, Gratis: 0
[2025-06-17 01:57:18] Debug: Producto ID: 3, Nombre: CRM Empresarial, Precio: 79.99, Gratis: 0
[2025-06-17 01:57:18] Debug: Producto ID: 4, Nombre: Componente Login PHP, Precio: 0.00, Gratis: 1
[2025-06-17 01:57:18] Debug: Intentando agregar producto ID: 4, POST data: Array
(
    [action] => add_single_product
    [product_id] => 4
)

[2025-06-17 01:57:18] Debug: Resultado de Cart::addItem: Array
(
    [success] => 1
    [message] => Producto agregado al carrito
    [cart_count] => 3
    [cart_total] => 99.99
)

[2025-06-17 01:57:21] Debug: Productos encontrados en BD: 4
[2025-06-17 01:57:21] Debug: Producto ID: 1, Nombre: eccomerce, Precio: 50.00, Gratis: 0
[2025-06-17 01:57:21] Debug: Producto ID: 2, Nombre: Sistema de Ventas Pro, Precio: 49.99, Gratis: 0
[2025-06-17 01:57:21] Debug: Producto ID: 3, Nombre: CRM Empresarial, Precio: 79.99, Gratis: 0
[2025-06-17 01:57:21] Debug: Producto ID: 4, Nombre: Componente Login PHP, Precio: 0.00, Gratis: 1
[2025-06-17 01:57:21] Debug: Intentando agregar producto ID: 0, POST data: Array
(
    [action] => add_test_products
)

[2025-06-17 01:57:21] Debug: Product ID inválido. POST: Array
(
    [action] => add_test_products
)

[2025-06-17 01:57:24] Debug: Productos encontrados en BD: 4
[2025-06-17 01:57:24] Debug: Producto ID: 1, Nombre: eccomerce, Precio: 50.00, Gratis: 0
[2025-06-17 01:57:24] Debug: Producto ID: 2, Nombre: Sistema de Ventas Pro, Precio: 49.99, Gratis: 0
[2025-06-17 01:57:24] Debug: Producto ID: 3, Nombre: CRM Empresarial, Precio: 79.99, Gratis: 0
[2025-06-17 01:57:24] Debug: Producto ID: 4, Nombre: Componente Login PHP, Precio: 0.00, Gratis: 1
[2025-06-17 01:57:24] Debug: Intentando agregar producto ID: 0, POST data: Array
(
    [action] => test_config
)

[2025-06-17 01:57:24] Debug: Product ID inválido. POST: Array
(
    [action] => test_config
)

[2025-06-17 01:57:51] Debug: Productos encontrados en BD: 4
[2025-06-17 01:57:51] Debug: Producto ID: 1, Nombre: eccomerce, Precio: 50.00, Gratis: 0
[2025-06-17 01:57:51] Debug: Producto ID: 2, Nombre: Sistema de Ventas Pro, Precio: 49.99, Gratis: 0
[2025-06-17 01:57:51] Debug: Producto ID: 3, Nombre: CRM Empresarial, Precio: 79.99, Gratis: 0
[2025-06-17 01:57:51] Debug: Producto ID: 4, Nombre: Componente Login PHP, Precio: 0.00, Gratis: 1
[2025-06-17 01:57:51] Debug: Intentando agregar producto ID: 0, POST data: Array
(
    [action] => add_test_products
)

[2025-06-17 01:57:51] Debug: Product ID inválido. POST: Array
(
    [action] => add_test_products
)

[2025-06-17 01:57:52] Debug: Productos encontrados en BD: 4
[2025-06-17 01:57:52] Debug: Producto ID: 1, Nombre: eccomerce, Precio: 50.00, Gratis: 0
[2025-06-17 01:57:52] Debug: Producto ID: 2, Nombre: Sistema de Ventas Pro, Precio: 49.99, Gratis: 0
[2025-06-17 01:57:52] Debug: Producto ID: 3, Nombre: CRM Empresarial, Precio: 79.99, Gratis: 0
[2025-06-17 01:57:52] Debug: Producto ID: 4, Nombre: Componente Login PHP, Precio: 0.00, Gratis: 1
[2025-06-17 01:57:52] Debug: Intentando agregar producto ID: 2, POST data: Array
(
    [action] => add_single_product
    [product_id] => 2
)

[2025-06-17 01:57:52] Debug: Resultado de Cart::addItem: Array
(
    [success] => 1
    [message] => Producto agregado al carrito
    [cart_count] => 3
    [cart_total] => 149.98
)

[2025-06-17 01:57:53] Debug: Productos encontrados en BD: 4
[2025-06-17 01:57:53] Debug: Producto ID: 1, Nombre: eccomerce, Precio: 50.00, Gratis: 0
[2025-06-17 01:57:53] Debug: Producto ID: 2, Nombre: Sistema de Ventas Pro, Precio: 49.99, Gratis: 0
[2025-06-17 01:57:53] Debug: Producto ID: 3, Nombre: CRM Empresarial, Precio: 79.99, Gratis: 0
[2025-06-17 01:57:53] Debug: Producto ID: 4, Nombre: Componente Login PHP, Precio: 0.00, Gratis: 1
[2025-06-17 01:57:53] Debug: Intentando agregar producto ID: 2, POST data: Array
(
    [action] => add_single_product
    [product_id] => 2
)

[2025-06-17 01:57:53] Debug: Resultado de Cart::addItem: Array
(
    [success] => 1
    [message] => Producto agregado al carrito
    [cart_count] => 3
    [cart_total] => 149.98
)

[2025-06-17 01:57:54] Debug: Productos encontrados en BD: 4
[2025-06-17 01:57:54] Debug: Producto ID: 1, Nombre: eccomerce, Precio: 50.00, Gratis: 0
[2025-06-17 01:57:54] Debug: Producto ID: 2, Nombre: Sistema de Ventas Pro, Precio: 49.99, Gratis: 0
[2025-06-17 01:57:54] Debug: Producto ID: 3, Nombre: CRM Empresarial, Precio: 79.99, Gratis: 0
[2025-06-17 01:57:54] Debug: Producto ID: 4, Nombre: Componente Login PHP, Precio: 0.00, Gratis: 1
[2025-06-17 01:57:54] Debug: Intentando agregar producto ID: 1, POST data: Array
(
    [action] => add_single_product
    [product_id] => 1
)

[2025-06-17 01:57:54] Debug: Resultado de Cart::addItem: Array
(
    [success] => 1
    [message] => Producto agregado al carrito
    [cart_count] => 3
    [cart_total] => 149.99
)

[2025-06-17 01:57:55] Debug: Productos encontrados en BD: 4
[2025-06-17 01:57:55] Debug: Producto ID: 1, Nombre: eccomerce, Precio: 50.00, Gratis: 0
[2025-06-17 01:57:55] Debug: Producto ID: 2, Nombre: Sistema de Ventas Pro, Precio: 49.99, Gratis: 0
[2025-06-17 01:57:55] Debug: Producto ID: 3, Nombre: CRM Empresarial, Precio: 79.99, Gratis: 0
[2025-06-17 01:57:55] Debug: Producto ID: 4, Nombre: Componente Login PHP, Precio: 0.00, Gratis: 1
[2025-06-17 01:57:55] Debug: Intentando agregar producto ID: 1, POST data: Array
(
    [action] => add_single_product
    [product_id] => 1
)

[2025-06-17 01:57:55] Debug: Resultado de Cart::addItem: Array
(
    [success] => 1
    [message] => Producto agregado al carrito
    [cart_count] => 3
    [cart_total] => 149.99
)

[2025-06-17 01:57:56] Debug: Productos encontrados en BD: 4
[2025-06-17 01:57:56] Debug: Producto ID: 1, Nombre: eccomerce, Precio: 50.00, Gratis: 0
[2025-06-17 01:57:56] Debug: Producto ID: 2, Nombre: Sistema de Ventas Pro, Precio: 49.99, Gratis: 0
[2025-06-17 01:57:56] Debug: Producto ID: 3, Nombre: CRM Empresarial, Precio: 79.99, Gratis: 0
[2025-06-17 01:57:56] Debug: Producto ID: 4, Nombre: Componente Login PHP, Precio: 0.00, Gratis: 1
[2025-06-17 01:57:56] Debug: Intentando agregar producto ID: 3, POST data: Array
(
    [action] => add_single_product
    [product_id] => 3
)

[2025-06-17 01:57:56] Debug: Resultado de Cart::addItem: Array
(
    [success] => 1
    [message] => Producto agregado al carrito
    [cart_count] => 3
    [cart_total] => 179.98
)

[2025-06-17 01:57:57] Debug: Productos encontrados en BD: 4
[2025-06-17 01:57:57] Debug: Producto ID: 1, Nombre: eccomerce, Precio: 50.00, Gratis: 0
[2025-06-17 01:57:57] Debug: Producto ID: 2, Nombre: Sistema de Ventas Pro, Precio: 49.99, Gratis: 0
[2025-06-17 01:57:57] Debug: Producto ID: 3, Nombre: CRM Empresarial, Precio: 79.99, Gratis: 0
[2025-06-17 01:57:57] Debug: Producto ID: 4, Nombre: Componente Login PHP, Precio: 0.00, Gratis: 1
[2025-06-17 01:57:57] Debug: Intentando agregar producto ID: 4, POST data: Array
(
    [action] => add_single_product
    [product_id] => 4
)

[2025-06-17 01:57:57] Debug: Resultado de Cart::addItem: Array
(
    [success] => 1
    [message] => Producto agregado al carrito
    [cart_count] => 3
    [cart_total] => 99.99
)

[2025-06-17 01:57:58] Debug: Productos encontrados en BD: 4
[2025-06-17 01:57:58] Debug: Producto ID: 1, Nombre: eccomerce, Precio: 50.00, Gratis: 0
[2025-06-17 01:57:58] Debug: Producto ID: 2, Nombre: Sistema de Ventas Pro, Precio: 49.99, Gratis: 0
[2025-06-17 01:57:58] Debug: Producto ID: 3, Nombre: CRM Empresarial, Precio: 79.99, Gratis: 0
[2025-06-17 01:57:58] Debug: Producto ID: 4, Nombre: Componente Login PHP, Precio: 0.00, Gratis: 1
[2025-06-17 01:57:58] Debug: Intentando agregar producto ID: 1, POST data: Array
(
    [action] => add_single_product
    [product_id] => 1
)

[2025-06-17 01:57:58] Debug: Resultado de Cart::addItem: Array
(
    [success] => 1
    [message] => Producto agregado al carrito
    [cart_count] => 3
    [cart_total] => 149.99
)

[2025-06-17 01:57:59] Debug: Productos encontrados en BD: 4
[2025-06-17 01:57:59] Debug: Producto ID: 1, Nombre: eccomerce, Precio: 50.00, Gratis: 0
[2025-06-17 01:57:59] Debug: Producto ID: 2, Nombre: Sistema de Ventas Pro, Precio: 49.99, Gratis: 0
[2025-06-17 01:57:59] Debug: Producto ID: 3, Nombre: CRM Empresarial, Precio: 79.99, Gratis: 0
[2025-06-17 01:57:59] Debug: Producto ID: 4, Nombre: Componente Login PHP, Precio: 0.00, Gratis: 1
[2025-06-17 01:57:59] Debug: Intentando agregar producto ID: 1, POST data: Array
(
    [action] => add_single_product
    [product_id] => 1
)

[2025-06-17 01:57:59] Debug: Resultado de Cart::addItem: Array
(
    [success] => 1
    [message] => Producto agregado al carrito
    [cart_count] => 3
    [cart_total] => 149.99
)

[2025-06-17 01:57:59] Debug: Productos encontrados en BD: 4
[2025-06-17 01:57:59] Debug: Producto ID: 1, Nombre: eccomerce, Precio: 50.00, Gratis: 0
[2025-06-17 01:57:59] Debug: Producto ID: 2, Nombre: Sistema de Ventas Pro, Precio: 49.99, Gratis: 0
[2025-06-17 01:57:59] Debug: Producto ID: 3, Nombre: CRM Empresarial, Precio: 79.99, Gratis: 0
[2025-06-17 01:57:59] Debug: Producto ID: 4, Nombre: Componente Login PHP, Precio: 0.00, Gratis: 1
[2025-06-17 01:57:59] Debug: Intentando agregar producto ID: 1, POST data: Array
(
    [action] => add_single_product
    [product_id] => 1
)

[2025-06-17 01:57:59] Debug: Resultado de Cart::addItem: Array
(
    [success] => 1
    [message] => Producto agregado al carrito
    [cart_count] => 3
    [cart_total] => 149.99
)

[2025-06-17 01:57:59] Debug: Productos encontrados en BD: 4
[2025-06-17 01:57:59] Debug: Producto ID: 1, Nombre: eccomerce, Precio: 50.00, Gratis: 0
[2025-06-17 01:57:59] Debug: Producto ID: 2, Nombre: Sistema de Ventas Pro, Precio: 49.99, Gratis: 0
[2025-06-17 01:57:59] Debug: Producto ID: 3, Nombre: CRM Empresarial, Precio: 79.99, Gratis: 0
[2025-06-17 01:57:59] Debug: Producto ID: 4, Nombre: Componente Login PHP, Precio: 0.00, Gratis: 1
[2025-06-17 01:57:59] Debug: Intentando agregar producto ID: 1, POST data: Array
(
    [action] => add_single_product
    [product_id] => 1
)

[2025-06-17 01:57:59] Debug: Resultado de Cart::addItem: Array
(
    [success] => 1
    [message] => Producto agregado al carrito
    [cart_count] => 3
    [cart_total] => 149.99
)

[2025-06-17 01:57:59] Debug: Productos encontrados en BD: 4
[2025-06-17 01:57:59] Debug: Producto ID: 1, Nombre: eccomerce, Precio: 50.00, Gratis: 0
[2025-06-17 01:57:59] Debug: Producto ID: 2, Nombre: Sistema de Ventas Pro, Precio: 49.99, Gratis: 0
[2025-06-17 01:57:59] Debug: Producto ID: 3, Nombre: CRM Empresarial, Precio: 79.99, Gratis: 0
[2025-06-17 01:57:59] Debug: Producto ID: 4, Nombre: Componente Login PHP, Precio: 0.00, Gratis: 1
[2025-06-17 01:57:59] Debug: Intentando agregar producto ID: 1, POST data: Array
(
    [action] => add_single_product
    [product_id] => 1
)

[2025-06-17 01:57:59] Debug: Resultado de Cart::addItem: Array
(
    [success] => 1
    [message] => Producto agregado al carrito
    [cart_count] => 3
    [cart_total] => 149.99
)

[2025-06-17 01:57:59] Debug: Productos encontrados en BD: 4
[2025-06-17 01:57:59] Debug: Producto ID: 1, Nombre: eccomerce, Precio: 50.00, Gratis: 0
[2025-06-17 01:57:59] Debug: Producto ID: 2, Nombre: Sistema de Ventas Pro, Precio: 49.99, Gratis: 0
[2025-06-17 01:57:59] Debug: Producto ID: 3, Nombre: CRM Empresarial, Precio: 79.99, Gratis: 0
[2025-06-17 01:57:59] Debug: Producto ID: 4, Nombre: Componente Login PHP, Precio: 0.00, Gratis: 1
[2025-06-17 01:57:59] Debug: Intentando agregar producto ID: 1, POST data: Array
(
    [action] => add_single_product
    [product_id] => 1
)

[2025-06-17 01:57:59] Debug: Resultado de Cart::addItem: Array
(
    [success] => 1
    [message] => Producto agregado al carrito
    [cart_count] => 3
    [cart_total] => 149.99
)

[2025-06-17 01:58:00] Debug: Productos encontrados en BD: 4
[2025-06-17 01:58:00] Debug: Producto ID: 1, Nombre: eccomerce, Precio: 50.00, Gratis: 0
[2025-06-17 01:58:00] Debug: Producto ID: 2, Nombre: Sistema de Ventas Pro, Precio: 49.99, Gratis: 0
[2025-06-17 01:58:00] Debug: Producto ID: 3, Nombre: CRM Empresarial, Precio: 79.99, Gratis: 0
[2025-06-17 01:58:00] Debug: Producto ID: 4, Nombre: Componente Login PHP, Precio: 0.00, Gratis: 1
[2025-06-17 01:58:00] Debug: Intentando agregar producto ID: 1, POST data: Array
(
    [action] => add_single_product
    [product_id] => 1
)

[2025-06-17 01:58:00] Debug: Resultado de Cart::addItem: Array
(
    [success] => 1
    [message] => Producto agregado al carrito
    [cart_count] => 3
    [cart_total] => 149.99
)

[2025-06-17 01:58:00] Debug: Productos encontrados en BD: 4
[2025-06-17 01:58:00] Debug: Producto ID: 1, Nombre: eccomerce, Precio: 50.00, Gratis: 0
[2025-06-17 01:58:00] Debug: Producto ID: 2, Nombre: Sistema de Ventas Pro, Precio: 49.99, Gratis: 0
[2025-06-17 01:58:00] Debug: Producto ID: 3, Nombre: CRM Empresarial, Precio: 79.99, Gratis: 0
[2025-06-17 01:58:00] Debug: Producto ID: 4, Nombre: Componente Login PHP, Precio: 0.00, Gratis: 1
[2025-06-17 01:58:00] Debug: Intentando agregar producto ID: 1, POST data: Array
(
    [action] => add_single_product
    [product_id] => 1
)

[2025-06-17 01:58:00] Debug: Resultado de Cart::addItem: Array
(
    [success] => 1
    [message] => Producto agregado al carrito
    [cart_count] => 3
    [cart_total] => 149.99
)

[2025-06-17 01:58:00] Debug: Productos encontrados en BD: 4
[2025-06-17 01:58:00] Debug: Producto ID: 1, Nombre: eccomerce, Precio: 50.00, Gratis: 0
[2025-06-17 01:58:00] Debug: Producto ID: 2, Nombre: Sistema de Ventas Pro, Precio: 49.99, Gratis: 0
[2025-06-17 01:58:00] Debug: Producto ID: 3, Nombre: CRM Empresarial, Precio: 79.99, Gratis: 0
[2025-06-17 01:58:00] Debug: Producto ID: 4, Nombre: Componente Login PHP, Precio: 0.00, Gratis: 1
[2025-06-17 01:58:00] Debug: Intentando agregar producto ID: 1, POST data: Array
(
    [action] => add_single_product
    [product_id] => 1
)

[2025-06-17 01:58:00] Debug: Resultado de Cart::addItem: Array
(
    [success] => 1
    [message] => Producto agregado al carrito
    [cart_count] => 3
    [cart_total] => 149.99
)

[2025-06-17 01:58:00] Debug: Productos encontrados en BD: 4
[2025-06-17 01:58:00] Debug: Producto ID: 1, Nombre: eccomerce, Precio: 50.00, Gratis: 0
[2025-06-17 01:58:00] Debug: Producto ID: 2, Nombre: Sistema de Ventas Pro, Precio: 49.99, Gratis: 0
[2025-06-17 01:58:00] Debug: Producto ID: 3, Nombre: CRM Empresarial, Precio: 79.99, Gratis: 0
[2025-06-17 01:58:00] Debug: Producto ID: 4, Nombre: Componente Login PHP, Precio: 0.00, Gratis: 1
[2025-06-17 01:58:00] Debug: Intentando agregar producto ID: 1, POST data: Array
(
    [action] => add_single_product
    [product_id] => 1
)

[2025-06-17 01:58:00] Debug: Resultado de Cart::addItem: Array
(
    [success] => 1
    [message] => Producto agregado al carrito
    [cart_count] => 3
    [cart_total] => 149.99
)

[2025-06-17 01:58:00] Debug: Productos encontrados en BD: 4
[2025-06-17 01:58:00] Debug: Producto ID: 1, Nombre: eccomerce, Precio: 50.00, Gratis: 0
[2025-06-17 01:58:00] Debug: Producto ID: 2, Nombre: Sistema de Ventas Pro, Precio: 49.99, Gratis: 0
[2025-06-17 01:58:00] Debug: Producto ID: 3, Nombre: CRM Empresarial, Precio: 79.99, Gratis: 0
[2025-06-17 01:58:00] Debug: Producto ID: 4, Nombre: Componente Login PHP, Precio: 0.00, Gratis: 1
[2025-06-17 01:58:00] Debug: Intentando agregar producto ID: 1, POST data: Array
(
    [action] => add_single_product
    [product_id] => 1
)

[2025-06-17 01:58:00] Debug: Resultado de Cart::addItem: Array
(
    [success] => 1
    [message] => Producto agregado al carrito
    [cart_count] => 3
    [cart_total] => 149.99
)

[2025-06-17 01:58:02] Debug: Productos encontrados en BD: 4
[2025-06-17 01:58:02] Debug: Producto ID: 1, Nombre: eccomerce, Precio: 50.00, Gratis: 0
[2025-06-17 01:58:02] Debug: Producto ID: 2, Nombre: Sistema de Ventas Pro, Precio: 49.99, Gratis: 0
[2025-06-17 01:58:02] Debug: Producto ID: 3, Nombre: CRM Empresarial, Precio: 79.99, Gratis: 0
[2025-06-17 01:58:02] Debug: Producto ID: 4, Nombre: Componente Login PHP, Precio: 0.00, Gratis: 1
[2025-06-17 01:58:02] Debug: Intentando agregar producto ID: 0, POST data: Array
(
    [action] => add_test_products
)

[2025-06-17 01:58:02] Debug: Product ID inválido. POST: Array
(
    [action] => add_test_products
)

[2025-06-17 01:58:03] Debug: Productos encontrados en BD: 4
[2025-06-17 01:58:03] Debug: Producto ID: 1, Nombre: eccomerce, Precio: 50.00, Gratis: 0
[2025-06-17 01:58:03] Debug: Producto ID: 2, Nombre: Sistema de Ventas Pro, Precio: 49.99, Gratis: 0
[2025-06-17 01:58:03] Debug: Producto ID: 3, Nombre: CRM Empresarial, Precio: 79.99, Gratis: 0
[2025-06-17 01:58:03] Debug: Producto ID: 4, Nombre: Componente Login PHP, Precio: 0.00, Gratis: 1
[2025-06-17 01:58:03] Debug: Intentando agregar producto ID: 1, POST data: Array
(
    [action] => add_single_product
    [product_id] => 1
)

[2025-06-17 01:58:03] Debug: Resultado de Cart::addItem: Array
(
    [success] => 1
    [message] => Producto agregado al carrito
    [cart_count] => 3
    [cart_total] => 149.99
)

[2025-06-17 01:58:08] Debug: Productos encontrados en BD: 4
[2025-06-17 01:58:08] Debug: Producto ID: 1, Nombre: eccomerce, Precio: 50.00, Gratis: 0
[2025-06-17 01:58:08] Debug: Producto ID: 2, Nombre: Sistema de Ventas Pro, Precio: 49.99, Gratis: 0
[2025-06-17 01:58:08] Debug: Producto ID: 3, Nombre: CRM Empresarial, Precio: 79.99, Gratis: 0
[2025-06-17 01:58:08] Debug: Producto ID: 4, Nombre: Componente Login PHP, Precio: 0.00, Gratis: 1
[2025-06-17 01:58:08] Debug: Intentando agregar producto ID: 2, POST data: Array
(
    [action] => add_single_product
    [product_id] => 2
)

[2025-06-17 01:58:08] Debug: Resultado de Cart::addItem: Array
(
    [success] => 1
    [message] => Producto agregado al carrito
    [cart_count] => 3
    [cart_total] => 149.98
)

[2025-06-17 01:58:10] Debug: Productos encontrados en BD: 4
[2025-06-17 01:58:10] Debug: Producto ID: 1, Nombre: eccomerce, Precio: 50.00, Gratis: 0
[2025-06-17 01:58:10] Debug: Producto ID: 2, Nombre: Sistema de Ventas Pro, Precio: 49.99, Gratis: 0
[2025-06-17 01:58:10] Debug: Producto ID: 3, Nombre: CRM Empresarial, Precio: 79.99, Gratis: 0
[2025-06-17 01:58:10] Debug: Producto ID: 4, Nombre: Componente Login PHP, Precio: 0.00, Gratis: 1
[2025-06-17 01:58:10] Debug: Intentando agregar producto ID: 0, POST data: Array
(
    [action] => add_test_products
)

[2025-06-17 01:58:10] Debug: Product ID inválido. POST: Array
(
    [action] => add_test_products
)

[2025-06-17 01:58:29] Debug: Productos encontrados en BD: 4
[2025-06-17 01:58:29] Debug: Producto ID: 1, Nombre: eccomerce, Precio: 50.00, Gratis: 0
[2025-06-17 01:58:29] Debug: Producto ID: 2, Nombre: Sistema de Ventas Pro, Precio: 49.99, Gratis: 0
[2025-06-17 01:58:29] Debug: Producto ID: 3, Nombre: CRM Empresarial, Precio: 79.99, Gratis: 0
[2025-06-17 01:58:29] Debug: Producto ID: 4, Nombre: Componente Login PHP, Precio: 0.00, Gratis: 1
[2025-06-17 01:58:29] Debug: Intentando agregar producto ID: 1, POST data: Array
(
    [action] => add_single_product
    [product_id] => 1
)

[2025-06-17 01:58:29] Debug: Resultado de Cart::addItem: Array
(
    [success] => 1
    [message] => Producto agregado al carrito
    [cart_count] => 3
    [cart_total] => 149.99
)

[2025-06-17 01:58:30] Debug: Productos encontrados en BD: 4
[2025-06-17 01:58:30] Debug: Producto ID: 1, Nombre: eccomerce, Precio: 50.00, Gratis: 0
[2025-06-17 01:58:30] Debug: Producto ID: 2, Nombre: Sistema de Ventas Pro, Precio: 49.99, Gratis: 0
[2025-06-17 01:58:30] Debug: Producto ID: 3, Nombre: CRM Empresarial, Precio: 79.99, Gratis: 0
[2025-06-17 01:58:30] Debug: Producto ID: 4, Nombre: Componente Login PHP, Precio: 0.00, Gratis: 1
[2025-06-17 01:58:30] Debug: Intentando agregar producto ID: 1, POST data: Array
(
    [action] => add_single_product
    [product_id] => 1
)

[2025-06-17 01:58:30] Debug: Resultado de Cart::addItem: Array
(
    [success] => 1
    [message] => Producto agregado al carrito
    [cart_count] => 3
    [cart_total] => 149.99
)

[2025-06-17 01:58:31] Debug: Productos encontrados en BD: 4
[2025-06-17 01:58:31] Debug: Producto ID: 1, Nombre: eccomerce, Precio: 50.00, Gratis: 0
[2025-06-17 01:58:31] Debug: Producto ID: 2, Nombre: Sistema de Ventas Pro, Precio: 49.99, Gratis: 0
[2025-06-17 01:58:31] Debug: Producto ID: 3, Nombre: CRM Empresarial, Precio: 79.99, Gratis: 0
[2025-06-17 01:58:31] Debug: Producto ID: 4, Nombre: Componente Login PHP, Precio: 0.00, Gratis: 1
[2025-06-17 01:58:31] Debug: Intentando agregar producto ID: 1, POST data: Array
(
    [action] => add_single_product
    [product_id] => 1
)

[2025-06-17 01:58:31] Debug: Resultado de Cart::addItem: Array
(
    [success] => 1
    [message] => Producto agregado al carrito
    [cart_count] => 3
    [cart_total] => 149.99
)

[2025-06-17 02:00:01] Debug: Productos encontrados en BD: 4
[2025-06-17 02:00:01] Debug: Producto ID: 1, Nombre: eccomerce, Precio: 50.00, Gratis: 0
[2025-06-17 02:00:01] Debug: Producto ID: 2, Nombre: Sistema de Ventas Pro, Precio: 49.99, Gratis: 0
[2025-06-17 02:00:01] Debug: Producto ID: 3, Nombre: CRM Empresarial, Precio: 79.99, Gratis: 0
[2025-06-17 02:00:01] Debug: Producto ID: 4, Nombre: Componente Login PHP, Precio: 0.00, Gratis: 1
[2025-06-17 02:00:01] Debug: Intentando agregar producto ID: 1, POST data: Array
(
    [action] => add_single_product
    [product_id] => 1
)

[2025-06-17 02:00:01] Debug: Resultado de Cart::addItem: Array
(
    [success] => 1
    [message] => Producto agregado al carrito
    [cart_count] => 1
    [cart_total] => 50
)

[2025-06-17 02:18:59] Debug: Productos encontrados en BD: 4
[2025-06-17 02:18:59] Debug: Producto ID: 1, Nombre: eccomerce, Precio: 50.00, Gratis: 0
[2025-06-17 02:18:59] Debug: Producto ID: 2, Nombre: Sistema de Ventas Pro, Precio: 49.99, Gratis: 0
[2025-06-17 02:18:59] Debug: Producto ID: 3, Nombre: CRM Empresarial, Precio: 79.99, Gratis: 0
[2025-06-17 02:18:59] Debug: Producto ID: 4, Nombre: Componente Login PHP, Precio: 0.00, Gratis: 1
[2025-06-17 02:19:03] Debug: Productos encontrados en BD: 4
[2025-06-17 02:19:03] Debug: Producto ID: 1, Nombre: eccomerce, Precio: 50.00, Gratis: 0
[2025-06-17 02:19:03] Debug: Producto ID: 2, Nombre: Sistema de Ventas Pro, Precio: 49.99, Gratis: 0
[2025-06-17 02:19:03] Debug: Producto ID: 3, Nombre: CRM Empresarial, Precio: 79.99, Gratis: 0
[2025-06-17 02:19:03] Debug: Producto ID: 4, Nombre: Componente Login PHP, Precio: 0.00, Gratis: 1
[2025-06-17 02:19:06] Debug: Productos encontrados en BD: 4
[2025-06-17 02:19:06] Debug: Producto ID: 1, Nombre: eccomerce, Precio: 50.00, Gratis: 0
[2025-06-17 02:19:06] Debug: Producto ID: 2, Nombre: Sistema de Ventas Pro, Precio: 49.99, Gratis: 0
[2025-06-17 02:19:06] Debug: Producto ID: 3, Nombre: CRM Empresarial, Precio: 79.99, Gratis: 0
[2025-06-17 02:19:06] Debug: Producto ID: 4, Nombre: Componente Login PHP, Precio: 0.00, Gratis: 1
[2025-06-17 02:19:42] Debug: Productos encontrados en BD: 4
[2025-06-17 02:19:42] Debug: Producto ID: 1, Nombre: eccomerce, Precio: 50.00, Gratis: 0
[2025-06-17 02:19:42] Debug: Producto ID: 2, Nombre: Sistema de Ventas Pro, Precio: 49.99, Gratis: 0
[2025-06-17 02:19:42] Debug: Producto ID: 3, Nombre: CRM Empresarial, Precio: 79.99, Gratis: 0
[2025-06-17 02:19:42] Debug: Producto ID: 4, Nombre: Componente Login PHP, Precio: 0.00, Gratis: 1
[2025-06-17 02:19:42] Debug: Intentando agregar producto ID: 1, POST data: Array
(
    [action] => add_single_product
    [product_id] => 1
)

[2025-06-17 02:19:42] Debug: Resultado de Cart::addItem: Array
(
    [success] => 1
    [message] => Producto agregado al carrito
    [cart_count] => 2
    [cart_total] => 100
)

[2025-06-17 02:33:58] MercadoPago API Error: HTTP 400 - Response: {"message":"auto_return invalid. back_url.success must be defined","error":"invalid_auto_return","status":400,"cause":null}
[2025-06-17 02:33:58] Error en process_payment: Error procesando pago con MercadoPago: Error creando preferencia en MercadoPago
[2025-06-17 02:34:25] MercadoPago API Error: HTTP 400 - Response: {"message":"auto_return invalid. back_url.success must be defined","error":"invalid_auto_return","status":400,"cause":null}
[2025-06-17 02:34:25] Error en process_payment: Error procesando pago con MercadoPago: Error creando preferencia en MercadoPago
